<html>
<head>
<title>TestNG:  Default test</title>
<link href="../testng.css" rel="stylesheet" type="text/css" />
<link href="../my-testng.css" rel="stylesheet" type="text/css" />

<style type="text/css">
.log { display: none;} 
.stack-trace { display: none;} 
</style>
<script type="text/javascript">
<!--
function flip(e) {
  current = e.style.display;
  if (current == 'block') {
    e.style.display = 'none';
    return 0;
  }
  else {
    e.style.display = 'block';
    return 1;
  }
}

function toggleBox(szDivId, elem, msg1, msg2)
{
  var res = -1;  if (document.getElementById) {
    res = flip(document.getElementById(szDivId));
  }
  else if (document.all) {
    // this is the way old msie versions work
    res = flip(document.all[szDivId]);
  }
  if(elem) {
    if(res == 0) elem.innerHTML = msg1; else elem.innerHTML = msg2;
  }

}

function toggleAllBoxes() {
  if (document.getElementsByTagName) {
    d = document.getElementsByTagName('div');
    for (i = 0; i < d.length; i++) {
      if (d[i].className == 'log') {
        flip(d[i]);
      }
    }
  }
}

// -->
</script>

</head>
<body>
<h2 align='center'>Default test</h2><table border='1' align="center">
<tr>
<td>Tests passed/Failed/Skipped:</td><td>1/2/0</td>
</tr><tr>
<td>Started on:</td><td>Sat Dec 03 21:28:33 IST 2022</td>
</tr>
<tr><td>Total time:</td><td>16 seconds (16773 ms)</td>
</tr><tr>
<td>Included groups:</td><td></td>
</tr><tr>
<td>Excluded groups:</td><td></td>
</tr>
</table><p/>
<small><i>(Hover the method name to see the test class name)</i></small><p/>
<table width='100%' border='1' class='invocation-failed'>
<tr><td colspan='4' align='center'><b>FAILED TESTS</b></td></tr>
<tr><td><b>Test method</b></td>
<td><b>Attribute(s)</b></td>
<td width="30%"><b>Exception</b></td>
<td width="10%"><b>Time (seconds)</b></td>
<td><b>Instance</b></td>
</tr>
<tr>
<td title='runner.TestRunner.runScenario()'><b>runScenario</b><br>Test class: runner.TestRunner<br>Test method: Runs Cucumber Scenarios<br>Parameters: "verify product images are not broken on the hompage", "Homepage functionality"</td>
<td><div><pre>java.lang.AssertionError: null
	at org.testng.Assert.fail(Assert.java:110)
	at org.testng.Assert.fail(Assert.java:115)
	at com.automation.pageObjects.LandingPage.verifyImagesLinksAreNotBrokenOnHomepage(LandingPage.java:51)
	at stepDef.LandingPageStepDef.product_images_are_not_broken(LandingPageStepDef.java:33)
	at ?.product images are not broken(file:///C:/Users/Pooja/eclipse-workspace/cucumberProject/src/test/resources/feature/HomePage.feature:7)
</pre></div><a href='#' onClick='toggleBox("stack-trace1046739846", this, "Click to show all stack frames", "Click to hide stack frames")'>Click to show all stack frames</a>
<div class='stack-trace' id='stack-trace1046739846'><pre>java.lang.AssertionError: null
	at org.testng.Assert.fail(Assert.java:110)
	at org.testng.Assert.fail(Assert.java:115)
	at com.automation.pageObjects.LandingPage.verifyImagesLinksAreNotBrokenOnHomepage(LandingPage.java:51)
	at stepDef.LandingPageStepDef.product_images_are_not_broken(LandingPageStepDef.java:33)
	at ?.product images are not broken(file:///C:/Users/Pooja/eclipse-workspace/cucumberProject/src/test/resources/feature/HomePage.feature:7)
</pre></div></td>
<td>15</td>
<td>runner.TestRunner@76494737</td></tr>
<tr>
<td title='runner.TestRunner.runScenario()'><b>runScenario</b><br>Test class: runner.TestRunner<br>Test method: Runs Cucumber Scenarios<br>Parameters: "verify the page size dropdown", "verify top deal page"</td>
<td><div><pre>java.lang.AssertionError: lists don&apos;t have the same size expected [4] but found [3]
	at org.testng.Assert.fail(Assert.java:110)
	at org.testng.Assert.failNotEquals(Assert.java:1413)
	at org.testng.Assert.assertEqualsImpl(Assert.java:149)
	at org.testng.Assert.assertEquals(Assert.java:131)
	at org.testng.Assert.assertEquals(Assert.java:1240)
	at org.testng.Assert.assertEquals(Assert.java:1465)
	at org.testng.Assert.assertEquals(Assert.java:1441)
	at stepDef.TopDealPageStepDef.he_is_able_to_see_options(TopDealPageStepDef.java:39)
	at ?.he is able to see options(file:///C:/Users/Pooja/eclipse-workspace/cucumberProject/src/test/resources/feature/TopDealPageFunctionality.feature:10)
</pre></div><a href='#' onClick='toggleBox("stack-trace57084733", this, "Click to show all stack frames", "Click to hide stack frames")'>Click to show all stack frames</a>
<div class='stack-trace' id='stack-trace57084733'><pre>java.lang.AssertionError: lists don&apos;t have the same size expected [4] but found [3]
	at org.testng.Assert.fail(Assert.java:110)
	at org.testng.Assert.failNotEquals(Assert.java:1413)
	at org.testng.Assert.assertEqualsImpl(Assert.java:149)
	at org.testng.Assert.assertEquals(Assert.java:131)
	at org.testng.Assert.assertEquals(Assert.java:1240)
	at org.testng.Assert.assertEquals(Assert.java:1465)
	at org.testng.Assert.assertEquals(Assert.java:1441)
	at stepDef.TopDealPageStepDef.he_is_able_to_see_options(TopDealPageStepDef.java:39)
	at ?.he is able to see options(file:///C:/Users/Pooja/eclipse-workspace/cucumberProject/src/test/resources/feature/TopDealPageFunctionality.feature:10)
</pre></div></td>
<td>14</td>
<td>runner.TestRunner@76494737</td></tr>
</table><p>
<table width='100%' border='1' class='invocation-passed'>
<tr><td colspan='4' align='center'><b>PASSED TESTS</b></td></tr>
<tr><td><b>Test method</b></td>
<td><b>Attribute(s)</b></td>
<td width="30%"><b>Exception</b></td>
<td width="10%"><b>Time (seconds)</b></td>
<td><b>Instance</b></td>
</tr>
<tr>
<td title='runner.TestRunner.runScenario()'><b>runScenario</b><br>Test class: runner.TestRunner<br>Test method: Runs Cucumber Scenarios<br>Parameters: "verify products displayed in table are equal to or less than the pagesize selected", "verify top deal page"</td>
<td></td>
<td>13</td>
<td>runner.TestRunner@76494737</td></tr>
</table><p>
</body>
</html>