<?xml version="1.0" encoding="UTF-8"?>
<testng-results ignored="0" total="3" passed="1" failed="2" skipped="0">
  <reporter-output>
  </reporter-output>
  <suite started-at="2022-12-03T21:28:33 IST" name="Default suite" finished-at="2022-12-03T21:28:50 IST" duration-ms="16773">
    <groups>
      <group name="cucumber">
        <method signature="AbstractTestNGCucumberTests.runScenario(io.cucumber.testng.PickleWrapper,io.cucumber.testng.FeatureWrapper)[pri:0, instance:runner.TestRunner@76494737]" name="runScenario" class="io.cucumber.testng.AbstractTestNGCucumberTests"/>
      </group> <!-- cucumber -->
    </groups>
    <test started-at="2022-12-03T21:28:33 IST" name="Default test" finished-at="2022-12-03T21:28:50 IST" duration-ms="16773">
      <class name="runner.TestRunner">
        <test-method is-config="true" signature="setUpClass(org.testng.ITestContext)[pri:0, instance:runner.TestRunner@76494737]" started-at="2022-12-03T21:28:33 IST" name="setUpClass" finished-at="2022-12-03T21:28:34 IST" duration-ms="796" status="PASS">
          <params>
            <param index="0">
              <value>
                <![CDATA[org.testng.TestRunner@8ee0c23]]>
              </value>
            </param>
          </params>
          <reporter-output>
          </reporter-output>
        </test-method> <!-- setUpClass -->
        <test-method signature="runScenario(io.cucumber.testng.PickleWrapper,io.cucumber.testng.FeatureWrapper)[pri:0, instance:runner.TestRunner@76494737]" started-at="2022-12-03T21:28:34 IST" name="runScenario" description="Runs Cucumber Scenarios" data-provider="scenarios" finished-at="2022-12-03T21:28:48 IST" duration-ms="13388" status="PASS">
          <params>
            <param index="0">
              <value>
                <![CDATA["verify products displayed in table are equal to or less than the pagesize selected"]]>
              </value>
            </param>
            <param index="1">
              <value>
                <![CDATA["verify top deal page"]]>
              </value>
            </param>
          </params>
          <reporter-output>
          </reporter-output>
        </test-method> <!-- runScenario -->
        <test-method signature="runScenario(io.cucumber.testng.PickleWrapper,io.cucumber.testng.FeatureWrapper)[pri:0, instance:runner.TestRunner@76494737]" started-at="2022-12-03T21:28:34 IST" name="runScenario" description="Runs Cucumber Scenarios" data-provider="scenarios" finished-at="2022-12-03T21:28:50 IST" duration-ms="15541" status="FAIL">
          <params>
            <param index="0">
              <value>
                <![CDATA["verify product images are not broken on the hompage"]]>
              </value>
            </param>
            <param index="1">
              <value>
                <![CDATA["Homepage functionality"]]>
              </value>
            </param>
          </params>
          <exception class="java.lang.AssertionError">
            <message>
              <![CDATA[null]]>
            </message>
            <full-stacktrace>
              <![CDATA[java.lang.AssertionError: null
at org.testng.Assert.fail(Assert.java:110)
at org.testng.Assert.fail(Assert.java:115)
at com.automation.pageObjects.LandingPage.verifyImagesLinksAreNotBrokenOnHomepage(LandingPage.java:51)
at stepDef.LandingPageStepDef.product_images_are_not_broken(LandingPageStepDef.java:33)
at ✽.product images are not broken(file:///C:/Users/Pooja/eclipse-workspace/cucumberProject/src/test/resources/feature/HomePage.feature:7)
]]>
            </full-stacktrace>
          </exception> <!-- java.lang.AssertionError -->
          <reporter-output>
          </reporter-output>
        </test-method> <!-- runScenario -->
        <test-method signature="runScenario(io.cucumber.testng.PickleWrapper,io.cucumber.testng.FeatureWrapper)[pri:0, instance:runner.TestRunner@76494737]" started-at="2022-12-03T21:28:34 IST" name="runScenario" description="Runs Cucumber Scenarios" data-provider="scenarios" finished-at="2022-12-03T21:28:48 IST" duration-ms="14242" status="FAIL">
          <params>
            <param index="0">
              <value>
                <![CDATA["verify the page size dropdown"]]>
              </value>
            </param>
            <param index="1">
              <value>
                <![CDATA["verify top deal page"]]>
              </value>
            </param>
          </params>
          <exception class="java.lang.AssertionError">
            <message>
              <![CDATA[lists don't have the same size expected [4] but found [3]]]>
            </message>
            <full-stacktrace>
              <![CDATA[java.lang.AssertionError: lists don't have the same size expected [4] but found [3]
at org.testng.Assert.fail(Assert.java:110)
at org.testng.Assert.failNotEquals(Assert.java:1413)
at org.testng.Assert.assertEqualsImpl(Assert.java:149)
at org.testng.Assert.assertEquals(Assert.java:131)
at org.testng.Assert.assertEquals(Assert.java:1240)
at org.testng.Assert.assertEquals(Assert.java:1465)
at org.testng.Assert.assertEquals(Assert.java:1441)
at stepDef.TopDealPageStepDef.he_is_able_to_see_options(TopDealPageStepDef.java:39)
at ✽.he is able to see options(file:///C:/Users/Pooja/eclipse-workspace/cucumberProject/src/test/resources/feature/TopDealPageFunctionality.feature:10)
]]>
            </full-stacktrace>
          </exception> <!-- java.lang.AssertionError -->
          <reporter-output>
          </reporter-output>
        </test-method> <!-- runScenario -->
        <test-method is-config="true" signature="tearDownClass()[pri:0, instance:runner.TestRunner@76494737]" started-at="2022-12-03T21:28:50 IST" name="tearDownClass" finished-at="2022-12-03T21:28:50 IST" duration-ms="394" status="PASS">
          <reporter-output>
          </reporter-output>
        </test-method> <!-- tearDownClass -->
      </class> <!-- runner.TestRunner -->
    </test> <!-- Default test -->
  </suite> <!-- Default suite -->
</testng-results>
